2025-09-12T12:14:15: 
2025-09-12T12:14:15: > agents-playground@0.1.0 start
2025-09-12T12:14:15: > next start
2025-09-12T12:14:15: 
2025-09-12T12:14:16:   ▲ Next.js 14.2.30
2025-09-12T12:14:16:   - Local:        http://localhost:3000
2025-09-12T12:14:16: 
2025-09-12T12:14:16:  ✓ Starting...
2025-09-12T12:14:16:  ✓ Ready in 374ms
2025-09-12T12:20:51: 
2025-09-12T12:20:51: > agents-playground@0.1.0 start
2025-09-12T12:20:51: > next start
2025-09-12T12:20:51: 
2025-09-12T12:20:52:   ▲ Next.js 14.2.30
2025-09-12T12:20:52:   - Local:        http://localhost:3000
2025-09-12T12:20:52: 
2025-09-12T12:20:52:  ✓ Starting...
2025-09-12T12:20:52:  ✓ Ready in 374ms
2025-09-12T12:23:23: 
2025-09-12T12:23:23: > agents-playground@0.1.0 start
2025-09-12T12:23:23: > next start
2025-09-12T12:23:23: 
2025-09-12T12:23:23:   ▲ Next.js 14.2.30
2025-09-12T12:23:23:   - Local:        http://localhost:3000
2025-09-12T12:23:23: 
2025-09-12T12:23:23:  ✓ Starting...
2025-09-12T12:23:23:  ✓ Ready in 372ms
2025-09-12T12:23:35: 
2025-09-12T12:23:35: > agents-playground@0.1.0 start
2025-09-12T12:23:35: > next start
2025-09-12T12:23:35: 
2025-09-12T12:23:35:   ▲ Next.js 14.2.30
2025-09-12T12:23:35:   - Local:        http://localhost:3000
2025-09-12T12:23:35: 
2025-09-12T12:23:35:  ✓ Starting...
2025-09-12T12:23:35:  ✓ Ready in 370ms
